           0   1.0000000000000000     
           1   2.2000000000000002     
           2   3.8013271108436504     
           3   5.5752797625706876     
           4   7.2250439018174664     
           5   8.4773848447991611     
           6   9.1549184203381078     
           7   9.2072322398828987     
           8   8.7002098971982935     
           9   7.7777114509556808     
          10   6.6144687504500244     
          11   5.3755682543339889     
          12   4.1906265641522999     
          13   3.1437374371369633     
          14   2.2757060528191020     
          15   1.5933832465550501     
          16   1.0813378893615306     
          17  0.71258481565809217     
          18  0.45672433720138195     
          19  0.28513347142490852     
          20  0.17361586051857106     
          21  0.10322719953680648     
          22   5.9997334314699446E-002
          23   3.4121769754411273E-002
          24   1.9005791125734750E-002
          25   1.0376640674992674E-002
